Flow report for g48_Lab_5
Mon Apr 13 14:39:16 2015
Quartus II Version 9.1 Build 222 10/21/2009 SJ Full Version


---------------------
; Table of Contents ;
---------------------
  1. Legal Notice
  2. Flow Summary
  3. Flow Settings
  4. Flow Non-Default Global Settings
  5. Flow Elapsed Time
  6. Flow OS Summary
  7. Flow Log



----------------
; Legal Notice ;
----------------
Copyright (C) 1991-2009 Altera Corporation
Your use of Altera Corporation's design tools, logic functions 
and other software and tools, and its AMPP partner logic 
functions, and any output files from any of the foregoing 
(including device programming or simulation files), and any 
associated documentation or information are expressly subject 
to the terms and conditions of the Altera Program License 
Subscription Agreement, Altera MegaCore Function License 
Agreement, or other applicable license agreement, including, 
without limitation, that your use is for the sole purpose of 
programming logic devices manufactured by Altera and sold by 
Altera or its authorized distributors.  Please refer to the 
applicable agreement for further details.



+-------------------------------------------------------------------------------+
; Flow Summary                                                                  ;
+------------------------------------+------------------------------------------+
; Flow Status                        ; Successful - Mon Apr 13 14:39:16 2015    ;
; Quartus II Version                 ; 9.1 Build 222 10/21/2009 SJ Full Version ;
; Revision Name                      ; g48_Lab_5                                ;
; Top-level Entity Name              ; g48_music_box                            ;
; Family                             ; Cyclone II                               ;
; Device                             ; EP2C20F484C7                             ;
; Timing Models                      ; Final                                    ;
; Met timing requirements            ; Yes                                      ;
; Total logic elements               ; 777 / 18,752 ( 4 % )                     ;
;     Total combinational functions  ; 734 / 18,752 ( 4 % )                     ;
;     Dedicated logic registers      ; 381 / 18,752 ( 2 % )                     ;
; Total registers                    ; 381                                      ;
; Total pins                         ; 87 / 315 ( 28 % )                        ;
; Total virtual pins                 ; 0                                        ;
; Total memory bits                  ; 13,824 / 239,616 ( 6 % )                 ;
; Embedded Multiplier 9-bit elements ; 0 / 52 ( 0 % )                           ;
; Total PLLs                         ; 0 / 4 ( 0 % )                            ;
+------------------------------------+------------------------------------------+


+-----------------------------------------+
; Flow Settings                           ;
+-------------------+---------------------+
; Option            ; Setting             ;
+-------------------+---------------------+
; Start date & time ; 04/13/2015 14:38:25 ;
; Main task         ; Compilation         ;
; Revision Name     ; g48_Lab_5           ;
+-------------------+---------------------+


+----------------------------------------------------------------------------------------------------------------------------------+
; Flow Non-Default Global Settings                                                                                                 ;
+---------------------------------------+-----------------------------------------+---------------+---------------+----------------+
; Assignment Name                       ; Value                                   ; Default Value ; Entity Name   ; Section Id     ;
+---------------------------------------+-----------------------------------------+---------------+---------------+----------------+
; COMPILER_SIGNATURE_ID                 ; 132129496019492.142895030533988         ; --            ; --            ; --             ;
; EDA_GENERATE_FUNCTIONAL_NETLIST       ; Off                                     ; --            ; --            ; eda_simulation ;
; EDA_OUTPUT_DATA_FORMAT                ; Verilog Hdl                             ; --            ; --            ; eda_simulation ;
; EDA_SIMULATION_TOOL                   ; ModelSim-Altera (Verilog)               ; <None>        ; --            ; --             ;
; EDA_TIME_SCALE                        ; 1 ps                                    ; --            ; --            ; eda_simulation ;
; MAX_CORE_JUNCTION_TEMP                ; 85                                      ; --            ; --            ; --             ;
; MIN_CORE_JUNCTION_TEMP                ; 0                                       ; --            ; --            ; --             ;
; MISC_FILE                             ; P:/DSD/Projects/g48_Lab_5/g48_Lab_5.dpf ; --            ; --            ; --             ;
; PARTITION_COLOR                       ; 16764057                                ; --            ; g48_music_box ; Top            ;
; PARTITION_FITTER_PRESERVATION_LEVEL   ; PLACEMENT_AND_ROUTING                   ; --            ; g48_music_box ; Top            ;
; PARTITION_NETLIST_TYPE                ; SOURCE                                  ; --            ; g48_music_box ; Top            ;
; SYNCHRONIZATION_REGISTER_CHAIN_LENGTH ; 2                                       ; 3             ; --            ; --             ;
; TOP_LEVEL_ENTITY                      ; g48_music_box                           ; g48_Lab_5     ; --            ; --             ;
; USE_GENERATED_PHYSICAL_CONSTRAINTS    ; Off                                     ; --            ; --            ; eda_blast_fpga ;
+---------------------------------------+-----------------------------------------+---------------+---------------+----------------+


+-----------------------------------------------------------------------------------------------------------------------------+
; Flow Elapsed Time                                                                                                           ;
+-------------------------+--------------+-------------------------+---------------------+------------------------------------+
; Module Name             ; Elapsed Time ; Average Processors Used ; Peak Virtual Memory ; Total CPU Time (on all processors) ;
+-------------------------+--------------+-------------------------+---------------------+------------------------------------+
; Analysis & Synthesis    ; 00:00:12     ; 1.0                     ; 256 MB              ; 00:00:06                           ;
; Fitter                  ; 00:00:10     ; 2.2                     ; 284 MB              ; 00:00:07                           ;
; Assembler               ; 00:00:04     ; 1.0                     ; 231 MB              ; 00:00:01                           ;
; Classic Timing Analyzer ; 00:00:03     ; 1.0                     ; 171 MB              ; 00:00:00                           ;
; EDA Netlist Writer      ; 00:00:04     ; 1.0                     ; 187 MB              ; 00:00:02                           ;
; Total                   ; 00:00:33     ; --                      ; --                  ; 00:00:16                           ;
+-------------------------+--------------+-------------------------+---------------------+------------------------------------+


+------------------------------------------------------------------------------------------+
; Flow OS Summary                                                                          ;
+-------------------------+------------------+---------------+------------+----------------+
; Module Name             ; Machine Hostname ; OS Name       ; OS Version ; Processor type ;
+-------------------------+------------------+---------------+------------+----------------+
; Analysis & Synthesis    ; 156TR4060DS-07   ; Windows Vista ; 6.1        ; x86_64         ;
; Fitter                  ; 156TR4060DS-07   ; Windows Vista ; 6.1        ; x86_64         ;
; Assembler               ; 156TR4060DS-07   ; Windows Vista ; 6.1        ; x86_64         ;
; Classic Timing Analyzer ; 156TR4060DS-07   ; Windows Vista ; 6.1        ; x86_64         ;
; EDA Netlist Writer      ; 156TR4060DS-07   ; Windows Vista ; 6.1        ; x86_64         ;
+-------------------------+------------------+---------------+------------+----------------+


------------
; Flow Log ;
------------
quartus_map --read_settings_files=on --write_settings_files=off g48_Lab_5 -c g48_Lab_5
quartus_fit --read_settings_files=off --write_settings_files=off g48_Lab_5 -c g48_Lab_5
quartus_asm --read_settings_files=off --write_settings_files=off g48_Lab_5 -c g48_Lab_5
quartus_tan --read_settings_files=off --write_settings_files=off g48_Lab_5 -c g48_Lab_5 --timing_analysis_only
quartus_eda --read_settings_files=off --write_settings_files=off g48_Lab_5 -c g48_Lab_5



