Flow report for g48_Lab_3
Thu Mar 19 13:57:22 2015
Quartus II Version 9.1 Build 350 03/24/2010 Service Pack 2 SJ Full Version


---------------------
; Table of Contents ;
---------------------
  1. Legal Notice
  2. Flow Summary
  3. Flow Settings
  4. Flow Non-Default Global Settings
  5. Flow Elapsed Time
  6. Flow OS Summary
  7. Flow Log



----------------
; Legal Notice ;
----------------
Copyright (C) 1991-2010 Altera Corporation
Your use of Altera Corporation's design tools, logic functions 
and other software and tools, and its AMPP partner logic 
functions, and any output files from any of the foregoing 
(including device programming or simulation files), and any 
associated documentation or information are expressly subject 
to the terms and conditions of the Altera Program License 
Subscription Agreement, Altera MegaCore Function License 
Agreement, or other applicable license agreement, including, 
without limitation, that your use is for the sole purpose of 
programming logic devices manufactured by Altera and sold by 
Altera or its authorized distributors.  Please refer to the 
applicable agreement for further details.



+------------------------------------------------------------------------------------+
; Flow Summary                                                                       ;
+------------------------------------+-----------------------------------------------+
; Flow Status                        ; Successful - Thu Mar 19 13:57:21 2015         ;
; Quartus II Version                 ; 9.1 Build 350 03/24/2010 SP 2 SJ Full Version ;
; Revision Name                      ; g48_Lab_3                                     ;
; Top-level Entity Name              ; g48_Tempo                                     ;
; Family                             ; Cyclone II                                    ;
; Device                             ; EP2C20F484C7                                  ;
; Timing Models                      ; Final                                         ;
; Met timing requirements            ; N/A                                           ;
; Total logic elements               ; 985 / 18,752 ( 5 % )                          ;
;     Total combinational functions  ; 511 / 18,752 ( 3 % )                          ;
;     Dedicated logic registers      ; 848 / 18,752 ( 5 % )                          ;
; Total registers                    ; 848                                           ;
; Total pins                         ; 18 / 315 ( 6 % )                              ;
; Total virtual pins                 ; 0                                             ;
; Total memory bits                  ; 16,640 / 239,616 ( 7 % )                      ;
; Embedded Multiplier 9-bit elements ; 0 / 52 ( 0 % )                                ;
; Total PLLs                         ; 0 / 4 ( 0 % )                                 ;
+------------------------------------+-----------------------------------------------+


+-----------------------------------------+
; Flow Settings                           ;
+-------------------+---------------------+
; Option            ; Setting             ;
+-------------------+---------------------+
; Start date & time ; 03/19/2015 13:56:57 ;
; Main task         ; Compilation         ;
; Revision Name     ; g48_Lab_3           ;
+-------------------+---------------------+


+------------------------------------------------------------------------------------------------------------------------------------------------------------------------------------------------------------------------------------------------------------------+
; Flow Non-Default Global Settings                                                                                                                                                                                                                                 ;
+------------------------------------+----------------------------------------------------------------------------------------------------------------------------------------------------------------------------+---------------+-------------+------------------+
; Assignment Name                    ; Value                                                                                                                                                                      ; Default Value ; Entity Name ; Section Id       ;
+------------------------------------+----------------------------------------------------------------------------------------------------------------------------------------------------------------------------+---------------+-------------+------------------+
; COMPILER_SIGNATURE_ID              ; 132129496019492.142678781602052                                                                                                                                            ; --            ; --          ; --               ;
; ENABLE_SIGNALTAP                   ; On                                                                                                                                                                         ; --            ; --          ; --               ;
; IP_TOOL_NAME                       ; LPM_COUNTER                                                                                                                                                                ; --            ; --          ; --               ;
; IP_TOOL_VERSION                    ; 9.1                                                                                                                                                                        ; --            ; --          ; --               ;
; MAX_CORE_JUNCTION_TEMP             ; 85                                                                                                                                                                         ; --            ; --          ; --               ;
; MIN_CORE_JUNCTION_TEMP             ; 0                                                                                                                                                                          ; --            ; --          ; --               ;
; MISC_FILE                          ; Test_Counter.cmp                                                                                                                                                           ; --            ; --          ; --               ;
; MISC_FILE                          ; P:/DSD/Projects/g48_Lab_3/g48_Lab_3.dpf                                                                                                                                    ; --            ; --          ; --               ;
; PARTITION_COLOR                    ; 16764057                                                                                                                                                                   ; --            ; g48_Tempo   ; Top              ;
; PARTITION_NETLIST_TYPE             ; SOURCE                                                                                                                                                                     ; --            ; g48_Tempo   ; Top              ;
; SLD_NODE_CREATOR_ID                ; 110                                                                                                                                                                        ; --            ; --          ; auto_signaltap_0 ;
; SLD_NODE_ENTITY_NAME               ; sld_signaltap                                                                                                                                                              ; --            ; --          ; auto_signaltap_0 ;
; SLD_NODE_PARAMETER_ASSIGNMENT      ; SLD_NODE_INFO=805334528                                                                                                                                                    ; --            ; --          ; auto_signaltap_0 ;
; SLD_NODE_PARAMETER_ASSIGNMENT      ; SLD_POWER_UP_TRIGGER=0                                                                                                                                                     ; --            ; --          ; auto_signaltap_0 ;
; SLD_NODE_PARAMETER_ASSIGNMENT      ; SLD_STORAGE_QUALIFIER_INVERSION_MASK_LENGTH=0                                                                                                                              ; --            ; --          ; auto_signaltap_0 ;
; SLD_NODE_PARAMETER_ASSIGNMENT      ; SLD_ATTRIBUTE_MEM_MODE=OFF                                                                                                                                                 ; --            ; --          ; auto_signaltap_0 ;
; SLD_NODE_PARAMETER_ASSIGNMENT      ; SLD_STATE_FLOW_USE_GENERATED=0                                                                                                                                             ; --            ; --          ; auto_signaltap_0 ;
; SLD_NODE_PARAMETER_ASSIGNMENT      ; SLD_STATE_BITS=11                                                                                                                                                          ; --            ; --          ; auto_signaltap_0 ;
; SLD_NODE_PARAMETER_ASSIGNMENT      ; SLD_BUFFER_FULL_STOP=1                                                                                                                                                     ; --            ; --          ; auto_signaltap_0 ;
; SLD_NODE_PARAMETER_ASSIGNMENT      ; SLD_CURRENT_RESOURCE_WIDTH=1                                                                                                                                               ; --            ; --          ; auto_signaltap_0 ;
; SLD_NODE_PARAMETER_ASSIGNMENT      ; SLD_TRIGGER_LEVEL=1                                                                                                                                                        ; --            ; --          ; auto_signaltap_0 ;
; SLD_NODE_PARAMETER_ASSIGNMENT      ; SLD_TRIGGER_IN_ENABLED=0                                                                                                                                                   ; --            ; --          ; auto_signaltap_0 ;
; SLD_NODE_PARAMETER_ASSIGNMENT      ; SLD_ADVANCED_TRIGGER_ENTITY=basic,1,                                                                                                                                       ; --            ; --          ; auto_signaltap_0 ;
; SLD_NODE_PARAMETER_ASSIGNMENT      ; SLD_TRIGGER_LEVEL_PIPELINE=1                                                                                                                                               ; --            ; --          ; auto_signaltap_0 ;
; SLD_NODE_PARAMETER_ASSIGNMENT      ; SLD_ENABLE_ADVANCED_TRIGGER=0                                                                                                                                              ; --            ; --          ; auto_signaltap_0 ;
; SLD_NODE_PARAMETER_ASSIGNMENT      ; SLD_DATA_BITS=43                                                                                                                                                           ; --            ; --          ; auto_signaltap_0 ;
; SLD_NODE_PARAMETER_ASSIGNMENT      ; SLD_TRIGGER_BITS=43                                                                                                                                                        ; --            ; --          ; auto_signaltap_0 ;
; SLD_NODE_PARAMETER_ASSIGNMENT      ; SLD_INVERSION_MASK=0000000000000000000000000000000000000000000000000000000000000000000000000000000000000000000000000000000000000000000000000000000000000000000000000000000 ; --            ; --          ; auto_signaltap_0 ;
; SLD_NODE_PARAMETER_ASSIGNMENT      ; SLD_INVERSION_MASK_LENGTH=151                                                                                                                                              ; --            ; --          ; auto_signaltap_0 ;
; SLD_NODE_PARAMETER_ASSIGNMENT      ; SLD_SEGMENT_SIZE=256                                                                                                                                                       ; --            ; --          ; auto_signaltap_0 ;
; SLD_NODE_PARAMETER_ASSIGNMENT      ; SLD_NODE_CRC_HIWORD=14432                                                                                                                                                  ; --            ; --          ; auto_signaltap_0 ;
; SLD_NODE_PARAMETER_ASSIGNMENT      ; SLD_SAMPLE_DEPTH=256                                                                                                                                                       ; --            ; --          ; auto_signaltap_0 ;
; SLD_NODE_PARAMETER_ASSIGNMENT      ; SLD_NODE_CRC_LOWORD=3315                                                                                                                                                   ; --            ; --          ; auto_signaltap_0 ;
; TOP_LEVEL_ENTITY                   ; g48_Tempo                                                                                                                                                                  ; g48_Lab_3     ; --          ; --               ;
; USE_GENERATED_PHYSICAL_CONSTRAINTS ; Off                                                                                                                                                                        ; --            ; --          ; eda_blast_fpga   ;
; USE_SIGNALTAP_FILE                 ; g48_Tempo_Testbed.stp                                                                                                                                                      ; --            ; --          ; --               ;
; USE_TIMEQUEST_TIMING_ANALYZER      ; On                                                                                                                                                                         ; Off           ; --          ; --               ;
+------------------------------------+----------------------------------------------------------------------------------------------------------------------------------------------------------------------------+---------------+-------------+------------------+


+-------------------------------------------------------------------------------------------------------------------------------+
; Flow Elapsed Time                                                                                                             ;
+---------------------------+--------------+-------------------------+---------------------+------------------------------------+
; Module Name               ; Elapsed Time ; Average Processors Used ; Peak Virtual Memory ; Total CPU Time (on all processors) ;
+---------------------------+--------------+-------------------------+---------------------+------------------------------------+
; Analysis & Synthesis      ; 00:00:10     ; 1.0                     ; 256 MB              ; 00:00:05                           ;
; Fitter                    ; 00:00:08     ; 2.5                     ; 309 MB              ; 00:00:05                           ;
; TimeQuest Timing Analyzer ; 00:00:07     ; 1.0                     ; 268 MB              ; 00:00:02                           ;
; Assembler                 ; 00:00:06     ; 1.0                     ; 231 MB              ; 00:00:02                           ;
; Total                     ; 00:00:25     ; --                      ; --                  ; 00:00:12                           ;
+---------------------------+--------------+-------------------------+---------------------+------------------------------------+


+--------------------------------------------------------------------------------------------+
; Flow OS Summary                                                                            ;
+---------------------------+------------------+---------------+------------+----------------+
; Module Name               ; Machine Hostname ; OS Name       ; OS Version ; Processor type ;
+---------------------------+------------------+---------------+------------+----------------+
; Analysis & Synthesis      ; 156TR4060DS-07   ; Windows Vista ; 6.1        ; x86_64         ;
; Fitter                    ; 156TR4060DS-07   ; Windows Vista ; 6.1        ; x86_64         ;
; Assembler                 ; 156TR4060DS-07   ; Windows Vista ; 6.1        ; x86_64         ;
; TimeQuest Timing Analyzer ; 156TR4060DS-07   ; Windows Vista ; 6.1        ; x86_64         ;
+---------------------------+------------------+---------------+------------+----------------+


------------
; Flow Log ;
------------
quartus_map --read_settings_files=on --write_settings_files=off g48_Lab_3 -c g48_Lab_3
quartus_fit --read_settings_files=off --write_settings_files=off g48_Lab_3 -c g48_Lab_3
quartus_asm --read_settings_files=off --write_settings_files=off g48_Lab_3 -c g48_Lab_3
quartus_sta g48_Lab_3 -c g48_Lab_3



